<?xml version="1.0" encoding="UTF-8"?>
<testng-results skipped="0" failed="2" total="8" passed="6">
  <reporter-output>
  </reporter-output>
  <suite name="Suite" duration-ms="3430" started-at="2016-12-13T11:27:39Z" finished-at="2016-12-13T11:27:43Z">
    <groups>
    </groups>
    <test name="Group" duration-ms="1226" started-at="2016-12-13T11:27:41Z" finished-at="2016-12-13T11:27:43Z">
      <class name="Istuary.com.http.UboGroupTest">
        <test-method status="PASS" signature="beforeTest()" name="beforeTest" is-config="true" duration-ms="0" started-at="2016-12-13T11:27:41Z" finished-at="2016-12-13T11:27:41Z">
        </test-method>
        <test-method status="PASS" signature="beforeMethod()" name="beforeMethod" is-config="true" duration-ms="49" started-at="2016-12-13T11:27:41Z" finished-at="2016-12-13T11:27:41Z">
        </test-method>
        <test-method status="PASS" signature="UboGroup(java.lang.String, java.lang.String, int)" name="UboGroup" duration-ms="790" started-at="2016-12-13T11:27:41Z" finished-at="2016-12-13T11:27:42Z">
          <params>
            <param index="0">
              <value>
                <![CDATA[euboadmin]]>
              </value>
            </param>
            <param index="1">
              <value>
                <![CDATA[eubo@321#]]>
              </value>
            </param>
            <param index="2">
              <value>
                <![CDATA[200]]>
              </value>
            </param>
          </params>
        </test-method>
        <test-method status="PASS" signature="afterMethod()" name="afterMethod" is-config="true" duration-ms="1" started-at="2016-12-13T11:27:42Z" finished-at="2016-12-13T11:27:42Z">
        </test-method>
        <test-method status="PASS" signature="beforeMethod()" name="beforeMethod" is-config="true" duration-ms="27" started-at="2016-12-13T11:27:42Z" finished-at="2016-12-13T11:27:42Z">
        </test-method>
        <test-method status="FAIL" signature="UboGroup(java.lang.String, java.lang.String, int)" name="UboGroup" duration-ms="339" started-at="2016-12-13T11:27:42Z" finished-at="2016-12-13T11:27:43Z">
          <params>
            <param index="0">
              <value>
                <![CDATA[euboadmin]]>
              </value>
            </param>
            <param index="1">
              <value>
                <![CDATA[b]]>
              </value>
            </param>
            <param index="2">
              <value>
                <![CDATA[200]]>
              </value>
            </param>
          </params>
          <exception class="java.lang.AssertionError">
            <message>
              <![CDATA[expected:<200> but was:<401>]]>
            </message>
            <full-stacktrace>
              <![CDATA[java.lang.AssertionError: expected:<200> but was:<401>
	at org.testng.Assert.fail(Assert.java:89)
	at org.testng.Assert.failNotEquals(Assert.java:489)
	at org.testng.Assert.assertEquals(Assert.java:118)
	at org.testng.Assert.assertEquals(Assert.java:365)
	at org.testng.Assert.assertEquals(Assert.java:375)
	at Istuary.com.http.UboGroupTest.UboGroup(UboGroupTest.java:21)
	at sun.reflect.NativeMethodAccessorImpl.invoke0(Native Method)
	at sun.reflect.NativeMethodAccessorImpl.invoke(NativeMethodAccessorImpl.java:62)
	at sun.reflect.DelegatingMethodAccessorImpl.invoke(DelegatingMethodAccessorImpl.java:43)
	at java.lang.reflect.Method.invoke(Method.java:498)
	at org.testng.internal.MethodInvocationHelper.invokeMethod(MethodInvocationHelper.java:80)
	at org.testng.internal.Invoker.invokeMethod(Invoker.java:673)
	at org.testng.internal.Invoker.invokeTestMethod(Invoker.java:842)
	at org.testng.internal.Invoker.invokeTestMethods(Invoker.java:1166)
	at org.testng.internal.TestMethodWorker.invokeTestMethods(TestMethodWorker.java:125)
	at org.testng.internal.TestMethodWorker.run(TestMethodWorker.java:109)
	at org.testng.TestRunner.runWorkers(TestRunner.java:1178)
	at org.testng.TestRunner.privateRun(TestRunner.java:757)
	at org.testng.TestRunner.run(TestRunner.java:608)
	at org.testng.SuiteRunner.runTest(SuiteRunner.java:334)
	at org.testng.SuiteRunner.runSequentially(SuiteRunner.java:329)
	at org.testng.SuiteRunner.privateRun(SuiteRunner.java:291)
	at org.testng.SuiteRunner.run(SuiteRunner.java:240)
	at org.testng.SuiteRunnerWorker.runSuite(SuiteRunnerWorker.java:52)
	at org.testng.SuiteRunnerWorker.run(SuiteRunnerWorker.java:86)
	at org.testng.TestNG.runSuitesSequentially(TestNG.java:1158)
	at org.testng.TestNG.runSuitesLocally(TestNG.java:1083)
	at org.testng.TestNG.run(TestNG.java:999)
	at org.testng.remote.AbstractRemoteTestNG.run(AbstractRemoteTestNG.java:132)
	at org.testng.remote.RemoteTestNG.initAndRun(RemoteTestNG.java:236)
	at org.testng.remote.RemoteTestNG.main(RemoteTestNG.java:81)
]]>
            </full-stacktrace>
          </exception>
        </test-method>
        <test-method status="PASS" signature="afterMethod()" name="afterMethod" is-config="true" duration-ms="1" started-at="2016-12-13T11:27:43Z" finished-at="2016-12-13T11:27:43Z">
        </test-method>
        <test-method status="PASS" signature="afterTest()" name="afterTest" is-config="true" duration-ms="0" started-at="2016-12-13T11:27:43Z" finished-at="2016-12-13T11:27:43Z">
        </test-method>
      </class>
    </test>
    <test name="Login" duration-ms="2173" started-at="2016-12-13T11:27:39Z" finished-at="2016-12-13T11:27:41Z">
      <class name="Istuary.com.http.LoginTest">
        <test-method status="PASS" signature="beforeMethod()" name="beforeMethod" is-config="true" duration-ms="1191" started-at="2016-12-13T11:27:39Z" finished-at="2016-12-13T11:27:40Z">
        </test-method>
        <test-method status="PASS" signature="Login(java.lang.String, java.lang.String, int)" name="Login" duration-ms="417" started-at="2016-12-13T11:27:40Z" finished-at="2016-12-13T11:27:41Z">
          <params>
            <param index="0">
              <value>
                <![CDATA[euboadmin]]>
              </value>
            </param>
            <param index="1">
              <value>
                <![CDATA[eubo@321#]]>
              </value>
            </param>
            <param index="2">
              <value>
                <![CDATA[200]]>
              </value>
            </param>
          </params>
        </test-method>
        <test-method status="PASS" signature="afterMethod()" name="afterMethod" is-config="true" duration-ms="0" started-at="2016-12-13T11:27:41Z" finished-at="2016-12-13T11:27:41Z">
        </test-method>
        <test-method status="PASS" signature="beforeMethod()" name="beforeMethod" is-config="true" duration-ms="27" started-at="2016-12-13T11:27:41Z" finished-at="2016-12-13T11:27:41Z">
        </test-method>
        <test-method status="PASS" signature="Login(java.lang.String, java.lang.String, int)" name="Login" duration-ms="235" started-at="2016-12-13T11:27:41Z" finished-at="2016-12-13T11:27:41Z">
          <params>
            <param index="0">
              <value>
                <![CDATA[euboadmin]]>
              </value>
            </param>
            <param index="1">
              <value>
                <![CDATA[b]]>
              </value>
            </param>
            <param index="2">
              <value>
                <![CDATA[401]]>
              </value>
            </param>
          </params>
        </test-method>
        <test-method status="PASS" signature="afterMethod()" name="afterMethod" is-config="true" duration-ms="1" started-at="2016-12-13T11:27:41Z" finished-at="2016-12-13T11:27:41Z">
        </test-method>
        <test-method status="PASS" signature="beforeMethod()" name="beforeMethod" is-config="true" duration-ms="27" started-at="2016-12-13T11:27:41Z" finished-at="2016-12-13T11:27:41Z">
        </test-method>
        <test-method status="PASS" signature="Login(java.lang.String, java.lang.String, int)" name="Login" duration-ms="24" started-at="2016-12-13T11:27:41Z" finished-at="2016-12-13T11:27:41Z">
          <params>
            <param index="0">
              <value>
                <![CDATA[魏贤]]>
              </value>
            </param>
            <param index="1">
              <value>
                <![CDATA[123]]>
              </value>
            </param>
            <param index="2">
              <value>
                <![CDATA[401]]>
              </value>
            </param>
          </params>
        </test-method>
        <test-method status="PASS" signature="beforeMethod()" name="beforeMethod" is-config="true" duration-ms="25" started-at="2016-12-13T11:27:41Z" finished-at="2016-12-13T11:27:41Z">
        </test-method>
        <test-method status="PASS" signature="afterMethod()" name="afterMethod" is-config="true" duration-ms="0" started-at="2016-12-13T11:27:41Z" finished-at="2016-12-13T11:27:41Z">
        </test-method>
        <test-method status="PASS" signature="Login(java.lang.String, java.lang.String, int)" name="Login" duration-ms="35" started-at="2016-12-13T11:27:41Z" finished-at="2016-12-13T11:27:41Z">
          <params>
            <param index="0">
              <value>
                <![CDATA[~!@#$%^&*()]]>
              </value>
            </param>
            <param index="1">
              <value>
                <![CDATA[123]]>
              </value>
            </param>
            <param index="2">
              <value>
                <![CDATA[401]]>
              </value>
            </param>
          </params>
        </test-method>
        <test-method status="PASS" signature="afterMethod()" name="afterMethod" is-config="true" duration-ms="1" started-at="2016-12-13T11:27:41Z" finished-at="2016-12-13T11:27:41Z">
        </test-method>
        <test-method status="PASS" signature="beforeMethod()" name="beforeMethod" is-config="true" duration-ms="41" started-at="2016-12-13T11:27:41Z" finished-at="2016-12-13T11:27:41Z">
        </test-method>
        <test-method status="PASS" signature="Login(java.lang.String, java.lang.String, int)" name="Login" duration-ms="27" started-at="2016-12-13T11:27:41Z" finished-at="2016-12-13T11:27:41Z">
          <params>
            <param index="0">
              <value>
                <![CDATA[ye]]>
              </value>
            </param>
            <param index="1">
              <value>
                <![CDATA[   ]]>
              </value>
            </param>
            <param index="2">
              <value>
                <![CDATA[401]]>
              </value>
            </param>
          </params>
        </test-method>
        <test-method status="PASS" signature="afterMethod()" name="afterMethod" is-config="true" duration-ms="4" started-at="2016-12-13T11:27:41Z" finished-at="2016-12-13T11:27:41Z">
        </test-method>
        <test-method status="PASS" signature="beforeMethod()" name="beforeMethod" is-config="true" duration-ms="63" started-at="2016-12-13T11:27:41Z" finished-at="2016-12-13T11:27:41Z">
        </test-method>
        <test-method status="FAIL" signature="Login(java.lang.String, java.lang.String, int)" name="Login" duration-ms="25" started-at="2016-12-13T11:27:41Z" finished-at="2016-12-13T11:27:41Z">
          <params>
            <param index="0">
              <value>
                <![CDATA[1==1]]>
              </value>
            </param>
            <param index="1">
              <value>
                <![CDATA[1==1]]>
              </value>
            </param>
            <param index="2">
              <value>
                <![CDATA[200]]>
              </value>
            </param>
          </params>
          <exception class="java.lang.AssertionError">
            <message>
              <![CDATA[expected:<200> but was:<401>]]>
            </message>
            <full-stacktrace>
              <![CDATA[java.lang.AssertionError: expected:<200> but was:<401>
	at org.testng.Assert.fail(Assert.java:89)
	at org.testng.Assert.failNotEquals(Assert.java:489)
	at org.testng.Assert.assertEquals(Assert.java:118)
	at org.testng.Assert.assertEquals(Assert.java:365)
	at org.testng.Assert.assertEquals(Assert.java:375)
	at Istuary.com.http.LoginTest.Login(LoginTest.java:17)
	at sun.reflect.NativeMethodAccessorImpl.invoke0(Native Method)
	at sun.reflect.NativeMethodAccessorImpl.invoke(NativeMethodAccessorImpl.java:62)
	at sun.reflect.DelegatingMethodAccessorImpl.invoke(DelegatingMethodAccessorImpl.java:43)
	at java.lang.reflect.Method.invoke(Method.java:498)
	at org.testng.internal.MethodInvocationHelper.invokeMethod(MethodInvocationHelper.java:80)
	at org.testng.internal.Invoker.invokeMethod(Invoker.java:673)
	at org.testng.internal.Invoker.invokeTestMethod(Invoker.java:842)
	at org.testng.internal.Invoker.invokeTestMethods(Invoker.java:1166)
	at org.testng.internal.TestMethodWorker.invokeTestMethods(TestMethodWorker.java:125)
	at org.testng.internal.TestMethodWorker.run(TestMethodWorker.java:109)
	at org.testng.TestRunner.runWorkers(TestRunner.java:1178)
	at org.testng.TestRunner.privateRun(TestRunner.java:757)
	at org.testng.TestRunner.run(TestRunner.java:608)
	at org.testng.SuiteRunner.runTest(SuiteRunner.java:334)
	at org.testng.SuiteRunner.runSequentially(SuiteRunner.java:329)
	at org.testng.SuiteRunner.privateRun(SuiteRunner.java:291)
	at org.testng.SuiteRunner.run(SuiteRunner.java:240)
	at org.testng.SuiteRunnerWorker.runSuite(SuiteRunnerWorker.java:52)
	at org.testng.SuiteRunnerWorker.run(SuiteRunnerWorker.java:86)
	at org.testng.TestNG.runSuitesSequentially(TestNG.java:1158)
	at org.testng.TestNG.runSuitesLocally(TestNG.java:1083)
	at org.testng.TestNG.run(TestNG.java:999)
	at org.testng.remote.AbstractRemoteTestNG.run(AbstractRemoteTestNG.java:132)
	at org.testng.remote.RemoteTestNG.initAndRun(RemoteTestNG.java:236)
	at org.testng.remote.RemoteTestNG.main(RemoteTestNG.java:81)
]]>
            </full-stacktrace>
          </exception>
        </test-method>
        <test-method status="PASS" signature="afterMethod()" name="afterMethod" is-config="true" duration-ms="0" started-at="2016-12-13T11:27:41Z" finished-at="2016-12-13T11:27:41Z">
        </test-method>
      </class>
    </test>
  </suite>
</testng-results>
